[     960ms] [ERROR]  Note that 'script-src' was not explicitly set, so 'default-src' is used as a fallback. @ https://pro-flea-24.accounts.dev/_next/static/chunks/pages/_app-b4e172c45530bdbc.js:18
[    1280ms] [WARNING] Clerk: Clerk has been loaded with development keys. Development instances have strict usage limits and should not be used when deploying your application to production. Learn more: https://clerk.com/docs/deployments/overview @ https://pro-flea-24.accounts.dev/_next/static/chunks/pages/_app-b4e172c45530bdbc.js:14
[    1617ms] [WARNING] Clerk: Structural CSS detected that may break on updates.

Found:
  - CSS "body.cl-component"
  - CSS ".cl-component .button:focus-visible"

These selectors depend on the internal DOM structure of Clerk's components, which may change when Clerk deploys component updates.
To prevent breaking changes, install @clerk/ui and pass it to ClerkProvider:

  import { ui } from '@clerk/ui'
  <ClerkProvider ui={ui}>

Learn more: https://clerk.com/docs/reference/components/versioning
(code=structural_css_pin_clerk_ui) @ https://pro-flea-24.accounts.dev/_next/static/chunks/pages/_app-b4e172c45530bdbc.js:14
[    1784ms] [VERBOSE] [DOM] Input elements should have autocomplete attributes (suggested: "current-password"): (More info: https://goo.gl/9p2vKq) %o @ https://pro-flea-24.accounts.dev/sign-in?redirect_url=http%3A%2F%2Flocalhost%3A3000%2Fadmin:0
[    4963ms] [VERBOSE] [DOM] Password field is not contained in a form: (More info: https://goo.gl/9p2vKq) %o @ https://accounts.google.com/v3/signin/identifier?opparams=%253F&dsh=S1412786837%3A1775790109714559&access_type=offline&client_id=458641573817-56im6ssr6uhklhkfdepu7hlmdmc4m117.apps.googleusercontent.com&o2v=1&prompt=consent&redirect_uri=https%3A%2F%2Fpro-flea-24.clerk.accounts.dev%2Fv1%2Foauth_callback&response_type=code&scope=openid+https%3A%2F%2Fwww.googleapis.com%2Fauth%2Fuserinfo.email+https%3A%2F%2Fwww.googleapis.com%2Fauth%2Fuserinfo.profile&service=lso&state=v7fq14u65pykk1uhpohabf2f60kp4jcambt3l5rt&flowName=GeneralOAuthFlow&continue=https%3A%2F%2Faccounts.google.com%2Fsignin%2Foauth%2Fconsent%3Fauthuser%3Dunknown%26part%3DAJi8hAOhz_3RWMddVK3k--9OYOw00DW65QQ_eTVmLB5vonqWVrBx_7u6DJraeHlhsDfB5_QnFRtbtZsRukK7AoGxEhA1-3l0gEVYfQ5rXW0RRvzOoU_oCa47Ewnjzxz6LVBhK4x2D-ONmzf2lear7xDyzmdLst5nri7VHhp383HJeBVRvH3dtcjV_DdcsyUw0CkiShY2fsI2DE_8lHyExjBpCoWOF_9C12wLVH8N2pj2gCyvIrK-Qm4GXyilT6pYtEsTalCT98ryEx2SglF4rghfvQKW8H7kXHMOAj2GcqMM4tyP-9wyTApTu4yRU8xLP7lXxFkcgDznenw7mTJJs90l8sSrrDC4dHKA4PUsvoDLxEpOGZsjplSDh2AyAFTlJBONLfrb-K7qwhLa49-6Dpvbsz-JJwb1mhLUySQn4dzyyezdZ0ihSK0rmheHYtH8377kPMtzK-bG0h1rjg4PuvLzA7dsnjwKgtlEjkJDTczpk4wGSZ2SoWU%26flowName%3DGeneralOAuthFlow%26as%3DS1412786837%253A1775790109714559%26client_id%3D458641573817-56im6ssr6uhklhkfdepu7hlmdmc4m117.apps.googleusercontent.com%26requestPath%3D%252Fsignin%252Foauth%252Fconsent%23&app_domain=https%3A%2F%2Fpro-flea-24.clerk.accounts.dev&rart=ANgoxcfPbx6qoE6ob3YwL0CL1Y30R0PnUvGmIEQdl1I3aSEgd6BthJjkKYdjG0TIp-DQndPjtD14HJ4LED1mg6Nf9bm1kFemhdLUFnqSC1uF1JK9y-CR5GQ:0
[    4967ms] [LOG] %c%s color: red; background: yellow; font-size: 24px; 경고! @ https://www.gstatic.com/_/mss/boq-identity/_/js/k=boq-identity.AccountsSignInUi.ko.1Aq-6uvrjQU.es5.O/am=Kf8GAABCEUgGwP__HzoAIACCaOB6FoAmEBkAAAAAAAAAALBCAAAaAQ/d=1/excm=_b,_tp,identifierview/ed=1/dg=0/wt=2/ujg=1/rs=AOaEmlH3YsuRszNC8lyUb9d9NbeJ0usG1Q/dti=1/m=_b,_tp:468
[    4967ms] [LOG] %c%s font-size: 18px; 이 콘솔을 사용하면 공격자가 Self-XSS라는 공격을 통해 내 신원을 도용하여 내 정보를 빼낼 수 있습니다.
알지 못하는 코드를 입력하거나 붙여넣지 마세요. @ https://www.gstatic.com/_/mss/boq-identity/_/js/k=boq-identity.AccountsSignInUi.ko.1Aq-6uvrjQU.es5.O/am=Kf8GAABCEUgGwP__HzoAIACCaOB6FoAmEBkAAAAAAAAAALBCAAAaAQ/d=1/excm=_b,_tp,identifierview/ed=1/dg=0/wt=2/ujg=1/rs=AOaEmlH3YsuRszNC8lyUb9d9NbeJ0usG1Q/dti=1/m=_b,_tp:468
[   20414ms] [LOG] %c%s color: red; background: yellow; font-size: 24px; 경고! @ https://www.gstatic.com/_/mss/boq-identity/_/js/k=boq-identity.OAuthUi.ko.GDvHKUf3LiU.es5.O/am=nv8AAAABGAD__z90QBAN1jMABQIAAAAAAAAAwBAAIAI/d=1/excm=_b,_tp,attributesview/ed=1/dg=0/wt=2/ujg=1/rs=AOaEmlGuhhV5xKSxmzcdD1oD5aMRFfsADg/dti=1/m=_b,_tp:425
[   20414ms] [LOG] %c%s font-size: 18px; 이 콘솔을 사용하면 공격자가 Self-XSS라는 공격을 통해 내 신원을 도용하여 내 정보를 빼낼 수 있습니다.
알지 못하는 코드를 입력하거나 붙여넣지 마세요. @ https://www.gstatic.com/_/mss/boq-identity/_/js/k=boq-identity.OAuthUi.ko.GDvHKUf3LiU.es5.O/am=nv8AAAABGAD__z90QBAN1jMABQIAAAAAAAAAwBAAIAI/d=1/excm=_b,_tp,attributesview/ed=1/dg=0/wt=2/ujg=1/rs=AOaEmlGuhhV5xKSxmzcdD1oD5aMRFfsADg/dti=1/m=_b,_tp:425
[   24359ms] [ERROR] Failed to load resource: the server responded with a status of 404 () @ https://pro-flea-24.clerk.accounts.dev/favicon.ico:0
[   26389ms] [INFO] %cDownload the React DevTools for a better development experience: https://react.dev/link/react-devtools font-weight:bold @ http://localhost:3000/_next/static/chunks/node_modules_next_dist_115brz8._.js:2431
[   26426ms] [LOG] [HMR] connected @ http://localhost:3000/_next/static/chunks/node_modules_next_dist_115brz8._.js:2431
[   26648ms] [WARNING] Clerk: Clerk has been loaded with development keys. Development instances have strict usage limits and should not be used when deploying your application to production. Learn more: https://clerk.com/docs/deployments/overview @ http://localhost:3000/_next/static/chunks/node_modules_next_dist_115brz8._.js:2431
[   26694ms] [ERROR] Failed to load resource: the server responded with a status of 404 (Not Found) @ http://localhost:3000/favicon.ico:0
[   60113ms] [WARNING] Detected `scroll-behavior: smooth` on the `<html>` element. To disable smooth scrolling during route transitions, add `data-scroll-behavior="smooth"` to your <html> element. Learn more: https://nextjs.org/docs/messages/missing-data-scroll-behavior @ http://localhost:3000/_next/static/chunks/node_modules_next_dist_115brz8._.js:2431
